[    0.000000] Linux version 4.15.0-66-generic (buildd@lgw01-amd64-044) (gcc version 7.4.0 (Ubuntu 7.4.0-1ubuntu1~18.04.1)) #75-Ubuntu SMP Tue Oct 1 05:24:09 UTC 2019 (Ubuntu 4.15.0-66.75-generic 4.15.18)
[    0.000000] Command line: BOOT_IMAGE=/boot/vmlinuz-4.15.0-66-generic root=LABEL=cloudimg-rootfs ro console=tty1 console=ttyS0
[    0.000000] KERNEL supported cpus:
[    0.000000]   Intel GenuineIntel
[    0.000000]   AMD AuthenticAMD
[    0.000000]   Centaur CentaurHauls
[    0.000000] x86/fpu: Supporting XSAVE feature 0x001: 'x87 floating point registers'
[    0.000000] x86/fpu: Supporting XSAVE feature 0x002: 'SSE registers'
[    0.000000] x86/fpu: Supporting XSAVE feature 0x004: 'AVX registers'
[    0.000000] x86/fpu: xstate_offset[2]:  576, xstate_sizes[2]:  256
[    0.000000] x86/fpu: Enabled xstate features 0x7, context size is 832 bytes, using 'standard' format.
[    0.000000] e820: BIOS-provided physical RAM map:
[    0.000000] BIOS-e820: [mem 0x0000000000000000-0x000000000009fbff] usable
[    0.000000] BIOS-e820: [mem 0x000000000009fc00-0x000000000009ffff] reserved
[    0.000000] BIOS-e820: [mem 0x00000000000f0000-0x00000000000fffff] reserved
[    0.000000] BIOS-e820: [mem 0x0000000000100000-0x000000003ffeffff] usable
[    0.000000] BIOS-e820: [mem 0x000000003fff0000-0x000000003fffffff] ACPI data
[    0.000000] BIOS-e820: [mem 0x00000000fec00000-0x00000000fec00fff] reserved
[    0.000000] BIOS-e820: [mem 0x00000000fee00000-0x00000000fee00fff] reserved
[    0.000000] BIOS-e820: [mem 0x00000000fffc0000-0x00000000ffffffff] reserved
[    0.000000] NX (Execute Disable) protection: active
[    0.000000] SMBIOS 2.5 present.
[    0.000000] DMI: innotek GmbH VirtualBox/VirtualBox, BIOS VirtualBox 12/01/2006
[    0.000000] Hypervisor detected: KVM
[    0.000000] e820: last_pfn = 0x3fff0 max_arch_pfn = 0x400000000
[    0.000000] MTRR: Disabled
[    0.000000] x86/PAT: MTRRs disabled, skipping PAT initialization too.
[    0.000000] CPU MTRRs all blank - virtualized system.
[    0.000000] x86/PAT: Configuration [0-7]: WB  WT  UC- UC  WB  WT  UC- UC  
[    0.000000] found SMP MP-table at [mem 0x0009fff0-0x0009ffff]
[    0.000000] Scanning 1 areas for low memory corruption
[    0.000000] RAMDISK: [mem 0x35a8b000-0x36d3cfff]
[    0.000000] ACPI: Early table checksum verification disabled
[    0.000000] ACPI: RSDP 0x00000000000E0000 000024 (v02 VBOX  )
[    0.000000] ACPI: XSDT 0x000000003FFF0030 00003C (v01 VBOX   VBOXXSDT 00000001 ASL  00000061)
[    0.000000] ACPI: FACP 0x000000003FFF00F0 0000F4 (v04 VBOX   VBOXFACP 00000001 ASL  00000061)
[    0.000000] ACPI: DSDT 0x000000003FFF0470 0022EA (v02 VBOX   VBOXBIOS 00000002 INTL 20100528)
[    0.000000] ACPI: FACS 0x000000003FFF0200 000040
[    0.000000] ACPI: FACS 0x000000003FFF0200 000040
[    0.000000] ACPI: APIC 0x000000003FFF0240 00005C (v02 VBOX   VBOXAPIC 00000001 ASL  00000061)
[    0.000000] ACPI: SSDT 0x000000003FFF02A0 0001CC (v01 VBOX   VBOXCPUT 00000002 INTL 20100528)
[    0.000000] No NUMA configuration found
[    0.000000] Faking a node at [mem 0x0000000000000000-0x000000003ffeffff]
[    0.000000] NODE_DATA(0) allocated [mem 0x3ffc5000-0x3ffeffff]
[    0.000000] kvm-clock: cpu 0, msr 0:3ff44001, primary cpu clock
[    0.000000] kvm-clock: Using msrs 4b564d01 and 4b564d00
[    0.000000] kvm-clock: using sched offset of 3799665002 cycles
[    0.000000] clocksource: kvm-clock: mask: 0xffffffffffffffff max_cycles: 0x1cd42e4dffb, max_idle_ns: 881590591483 ns
[    0.000000] Zone ranges:
[    0.000000]   DMA      [mem 0x0000000000001000-0x0000000000ffffff]
[    0.000000]   DMA32    [mem 0x0000000001000000-0x000000003ffeffff]
[    0.000000]   Normal   empty
[    0.000000]   Device   empty
[    0.000000] Movable zone start for each node
[    0.000000] Early memory node ranges
[    0.000000]   node   0: [mem 0x0000000000001000-0x000000000009efff]
[    0.000000]   node   0: [mem 0x0000000000100000-0x000000003ffeffff]
[    0.000000] Reserved but unavailable: 98 pages
[    0.000000] Initmem setup node 0 [mem 0x0000000000001000-0x000000003ffeffff]
[    0.000000] ACPI: PM-Timer IO Port: 0x4008
[    0.000000] IOAPIC[0]: apic_id 2, version 32, address 0xfec00000, GSI 0-23
[    0.000000] ACPI: INT_SRC_OVR (bus 0 bus_irq 0 global_irq 2 dfl dfl)
[    0.000000] ACPI: INT_SRC_OVR (bus 0 bus_irq 9 global_irq 9 low level)
[    0.000000] Using ACPI (MADT) for SMP configuration information
[    0.000000] smpboot: Allowing 2 CPUs, 0 hotplug CPUs
[    0.000000] PM: Registered nosave memory: [mem 0x00000000-0x00000fff]
[    0.000000] PM: Registered nosave memory: [mem 0x0009f000-0x0009ffff]
[    0.000000] PM: Registered nosave memory: [mem 0x000a0000-0x000effff]
[    0.000000] PM: Registered nosave memory: [mem 0x000f0000-0x000fffff]
[    0.000000] e820: [mem 0x40000000-0xfebfffff] available for PCI devices
[    0.000000] Booting paravirtualized kernel on KVM
[    0.000000] clocksource: refined-jiffies: mask: 0xffffffff max_cycles: 0xffffffff, max_idle_ns: 7645519600211568 ns
[    0.000000] random: get_random_bytes called from start_kernel+0x99/0x4fd with crng_init=0
[    0.000000] setup_percpu: NR_CPUS:8192 nr_cpumask_bits:2 nr_cpu_ids:2 nr_node_ids:1
[    0.000000] percpu: Embedded 46 pages/cpu s151552 r8192 d28672 u1048576
[    0.000000] PV qspinlock hash table entries: 256 (order: 0, 4096 bytes)
[    0.000000] Built 1 zonelists, mobility grouping on.  Total pages: 257913
[    0.000000] Policy zone: DMA32
[    0.000000] Kernel command line: BOOT_IMAGE=/boot/vmlinuz-4.15.0-66-generic root=LABEL=cloudimg-rootfs ro console=tty1 console=ttyS0
[    0.000000] Memory: 983436K/1048120K available (12300K kernel code, 2481K rwdata, 4260K rodata, 2436K init, 2388K bss, 64684K reserved, 0K cma-reserved)
[    0.000000] SLUB: HWalign=64, Order=0-3, MinObjects=0, CPUs=2, Nodes=1
[    0.000000] Kernel/User page tables isolation: enabled
[    0.000000] ftrace: allocating 39306 entries in 154 pages
[    0.004000] Hierarchical RCU implementation.
[    0.004000] 	RCU restricting CPUs from NR_CPUS=8192 to nr_cpu_ids=2.
[    0.004000] 	Tasks RCU enabled.
[    0.004000] RCU: Adjusting geometry for rcu_fanout_leaf=16, nr_cpu_ids=2
[    0.004000] NR_IRQS: 524544, nr_irqs: 440, preallocated irqs: 16
[    0.004000] Console: colour VGA+ 80x25
[    0.004000] console [tty1] enabled
[    0.004000] console [ttyS0] enabled
[    0.004000] ACPI: Core revision 20170831
[    0.004000] ACPI: 2 ACPI AML tables successfully acquired and loaded
[    0.004000] APIC: Switch to symmetric I/O mode setup
[    0.004000] x2apic enabled
[    0.004000] Switched APIC routing to physical x2apic.
[    0.005062] ..TIMER: vector=0x30 apic1=0 pin1=2 apic2=-1 pin2=-1
[    0.008002] tsc: Detected 2592.002 MHz processor
[    0.012011] Calibrating delay loop (skipped) preset value.. 5184.00 BogoMIPS (lpj=10368008)
[    0.014088] pid_max: default: 32768 minimum: 301
[    0.015274] Security Framework initialized
[    0.016007] Yama: becoming mindful.
[    0.016923] AppArmor: AppArmor initialized
[    0.020052] Dentry cache hash table entries: 131072 (order: 8, 1048576 bytes)
[    0.021827] Inode-cache hash table entries: 65536 (order: 7, 524288 bytes)
[    0.024014] Mount-cache hash table entries: 2048 (order: 2, 16384 bytes)
[    0.025684] Mountpoint-cache hash table entries: 2048 (order: 2, 16384 bytes)
[    0.028403] Last level iTLB entries: 4KB 64, 2MB 8, 4MB 8
[    0.029685] Last level dTLB entries: 4KB 64, 2MB 0, 4MB 0, 1GB 4
[    0.031020] Spectre V1 : Mitigation: usercopy/swapgs barriers and __user pointer sanitization
[    0.032004] Spectre V2 : Mitigation: Full generic retpoline
[    0.033369] Spectre V2 : Spectre v2 / SpectreRSB mitigation: Filling RSB on context switch
[    0.036003] Speculative Store Bypass: Vulnerable
[    0.037212] MDS: Vulnerable: Clear CPU buffers attempted, no microcode
[    0.039064] Freeing SMP alternatives memory: 36K
[    0.152166] smpboot: CPU0: Intel(R) Core(TM) i7-6700HQ CPU @ 2.60GHz (family: 0x6, model: 0x5e, stepping: 0x3)
[    0.154599] Performance Events: unsupported p6 CPU model 94 no PMU driver, software events only.
[    0.156000] Hierarchical SRCU implementation.
[    0.156636] NMI watchdog: Perf event create on CPU 0 failed with -2
[    0.158111] NMI watchdog: Perf NMI watchdog permanently disabled
[    0.160042] smp: Bringing up secondary CPUs ...
[    0.161174] x86: Booting SMP configuration:
[    0.162253] .... node  #0, CPUs:      #1
[    0.004000] kvm-clock: cpu 1, msr 0:3ff44041, secondary cpu clock
[    0.168021] smp: Brought up 1 node, 2 CPUs
[    0.169001] smpboot: Max logical packages: 1
[    0.169955] smpboot: Total of 2 processors activated (10368.00 BogoMIPS)
[    0.172049] devtmpfs: initialized
[    0.172950] x86/mm: Memory block size: 128MB
[    0.174278] evm: security.selinux
[    0.175166] evm: security.SMACK64
[    0.176003] evm: security.SMACK64EXEC
[    0.176898] evm: security.SMACK64TRANSMUTE
[    0.177873] evm: security.SMACK64MMAP
[    0.178827] evm: security.apparmor
[    0.179632] evm: security.ima
[    0.180003] evm: security.capability
[    0.181948] clocksource: jiffies: mask: 0xffffffff max_cycles: 0xffffffff, max_idle_ns: 7645041785100000 ns
[    0.184012] futex hash table entries: 512 (order: 3, 32768 bytes)
[    0.188000] pinctrl core: initialized pinctrl subsystem
[    0.188205] RTC time: 22:34:23, date: 11/18/19
[    0.189644] NET: Registered protocol family 16
[    0.190961] audit: initializing netlink subsys (disabled)
[    0.192046] audit: type=2000 audit(1574116468.668:1): state=initialized audit_enabled=0 res=1
[    0.194186] cpuidle: using governor ladder
[    0.196014] cpuidle: using governor menu
[    0.197087] ACPI: bus type PCI registered
[    0.198124] acpiphp: ACPI Hot Plug PCI Controller Driver version: 0.5
[    0.200041] PCI: Using configuration type 1 for base access
[    0.204090] HugeTLB registered 2.00 MiB page size, pre-allocated 0 pages
[    0.205640] ACPI: Added _OSI(Module Device)
[    0.205640] ACPI: Added _OSI(Processor Device)
[    0.208004] ACPI: Added _OSI(3.0 _SCP Extensions)
[    0.209124] ACPI: Added _OSI(Processor Aggregator Device)
[    0.210346] ACPI: Added _OSI(Linux-Dell-Video)
[    0.211366] ACPI: Added _OSI(Linux-Lenovo-NV-HDMI-Audio)
[    0.212004] ACPI: Added _OSI(Linux-HPI-Hybrid-Graphics)
[    0.213545] ACPI: Executed 1 blocks of module-level executable AML code
[    0.220599] ACPI: Interpreter enabled
[    0.221652] ACPI: (supports S0 S5)
[    0.222555] ACPI: Using IOAPIC for interrupt routing
[    0.224287] PCI: Using host bridge windows from ACPI; if necessary, use "pci=nocrs" and report a bug
[    0.226643] ACPI: Enabled 2 GPEs in block 00 to 07
[    0.235294] ACPI: PCI Root Bridge [PCI0] (domain 0000 [bus 00-ff])
[    0.236008] acpi PNP0A03:00: _OSC: OS supports [ASPM ClockPM Segments MSI]
[    0.238438] acpi PNP0A03:00: _OSC: not requesting OS control; OS requires [ExtendedConfig ASPM ClockPM MSI]
[    0.240014] acpi PNP0A03:00: fail to add MMCONFIG information, can't access extended PCI configuration space under this bridge.
[    0.244438] PCI host bridge to bus 0000:00
[    0.245336] pci_bus 0000:00: root bus resource [io  0x0000-0x0cf7 window]
[    0.246788] pci_bus 0000:00: root bus resource [io  0x0d00-0xffff window]
[    0.248003] pci_bus 0000:00: root bus resource [mem 0x000a0000-0x000bffff window]
[    0.249623] pci_bus 0000:00: root bus resource [mem 0x40000000-0xfdffffff window]
[    0.252003] pci_bus 0000:00: root bus resource [bus 00-ff]
[    0.256404] pci 0000:00:01.1: legacy IDE quirk: reg 0x10: [io  0x01f0-0x01f7]
[    0.258025] pci 0000:00:01.1: legacy IDE quirk: reg 0x14: [io  0x03f6]
[    0.259400] pci 0000:00:01.1: legacy IDE quirk: reg 0x18: [io  0x0170-0x0177]
[    0.260002] pci 0000:00:01.1: legacy IDE quirk: reg 0x1c: [io  0x0376]
[    0.280583] pci 0000:00:07.0: quirk: [io  0x4000-0x403f] claimed by PIIX4 ACPI
[    0.282376] pci 0000:00:07.0: quirk: [io  0x4100-0x410f] claimed by PIIX4 SMB
[    0.295155] ACPI: PCI Interrupt Link [LNKA] (IRQs 5 9 10 *11)
[    0.296392] ACPI: PCI Interrupt Link [LNKB] (IRQs 5 9 *10 11)
[    0.297960] ACPI: PCI Interrupt Link [LNKC] (IRQs 5 *9 10 11)
[    0.300094] ACPI: PCI Interrupt Link [LNKD] (IRQs 5 9 10 *11)
[    0.302007] SCSI subsystem initialized
[    0.303001] pci 0000:00:02.0: vgaarb: setting as boot VGA device
[    0.303001] pci 0000:00:02.0: vgaarb: VGA device added: decodes=io+mem,owns=io+mem,locks=none
[    0.304010] pci 0000:00:02.0: vgaarb: bridge control possible
[    0.308010] vgaarb: loaded
[    0.308702] ACPI: bus type USB registered
[    0.309723] usbcore: registered new interface driver usbfs
[    0.311022] usbcore: registered new interface driver hub
[    0.312018] usbcore: registered new device driver usb
[    0.313245] EDAC MC: Ver: 3.0.0
[    0.313596] PCI: Using ACPI for IRQ routing
[    0.316358] NetLabel: Initializing
[    0.317263] NetLabel:  domain hash size = 128
[    0.318248] NetLabel:  protocols = UNLABELED CIPSOv4 CALIPSO
[    0.320018] NetLabel:  unlabeled traffic allowed by default
[    0.321368] clocksource: Switched to clocksource kvm-clock
[    0.340117] VFS: Disk quotas dquot_6.6.0
[    0.341046] VFS: Dquot-cache hash table entries: 512 (order 0, 4096 bytes)
[    0.342693] AppArmor: AppArmor Filesystem Enabled
[    0.343882] pnp: PnP ACPI init
[    0.345976] pnp: PnP ACPI: found 3 devices
[    0.360027] clocksource: acpi_pm: mask: 0xffffff max_cycles: 0xffffff, max_idle_ns: 2085701024 ns
[    0.362334] NET: Registered protocol family 2
[    0.363547] TCP established hash table entries: 8192 (order: 4, 65536 bytes)
[    0.365129] TCP bind hash table entries: 8192 (order: 5, 131072 bytes)
[    0.369100] TCP: Hash tables configured (established 8192 bind 8192)
[    0.370996] UDP hash table entries: 512 (order: 2, 16384 bytes)
[    0.372398] UDP-Lite hash table entries: 512 (order: 2, 16384 bytes)
[    0.373756] NET: Registered protocol family 1
[    0.374756] pci 0000:00:00.0: Limiting direct PCI/PCI transfers
[    0.376174] pci 0000:00:01.0: Activating ISA DMA hang workarounds
[    0.377637] pci 0000:00:02.0: Video device with shadowed ROM at [mem 0x000c0000-0x000dffff]
[    0.379752] Unpacking initramfs...
[    0.774571] Freeing initrd memory: 19144K
[    0.775772] clocksource: tsc: mask: 0xffffffffffffffff max_cycles: 0x255cb8d7d74, max_idle_ns: 440795265546 ns
[    0.778480] platform rtc_cmos: registered platform RTC device (no PNP device found)
[    0.780415] Scanning for low memory corruption every 60 seconds
[    0.782704] Initialise system trusted keyrings
[    0.783780] Key type blacklist registered
[    0.784874] workingset: timestamp_bits=36 max_order=18 bucket_order=0
[    0.787467] zbud: loaded
[    0.788888] squashfs: version 4.0 (2009/01/31) Phillip Lougher
[    0.790634] fuse init (API version 7.26)
[    0.796436] Key type asymmetric registered
[    0.797374] Asymmetric key parser 'x509' registered
[    0.798464] Block layer SCSI generic (bsg) driver version 0.4 loaded (major 246)
[    0.800186] io scheduler noop registered
[    0.801102] io scheduler deadline registered
[    0.802081] io scheduler cfq registered (default)
[    0.803332] ACPI: AC Adapter [AC] (on-line)
[    0.804279] input: Power Button as /devices/LNXSYSTM:00/LNXPWRBN:00/input/input0
[    0.806031] ACPI: Power Button [PWRF]
[    0.806953] input: Sleep Button as /devices/LNXSYSTM:00/LNXSLPBN:00/input/input1
[    0.808558] ACPI: Sleep Button [SLPF]
[    0.810884] ACPI: Battery Slot [BAT0] (battery present)
[    0.812221] Serial: 8250/16550 driver, 32 ports, IRQ sharing enabled
[    0.834367] 00:02: ttyS0 at I/O 0x3f8 (irq = 4, base_baud = 115200) is a 16550A
[    0.840417] Linux agpgart interface v0.103
[    0.843080] loop: module loaded
[    0.844417] scsi host0: ata_piix
[    0.845326] scsi host1: ata_piix
[    0.846131] ata1: PATA max UDMA/33 cmd 0x1f0 ctl 0x3f6 bmdma 0xd000 irq 14
[    0.847554] ata2: PATA max UDMA/33 cmd 0x170 ctl 0x376 bmdma 0xd008 irq 15
[    0.849496] libphy: Fixed MDIO Bus: probed
[    0.850519] tun: Universal TUN/TAP device driver, 1.6
[    0.851645] PPP generic driver version 2.4.2
[    0.852721] ehci_hcd: USB 2.0 'Enhanced' Host Controller (EHCI) Driver
[    0.854044] ehci-pci: EHCI PCI platform driver
[    0.855045] ehci-platform: EHCI generic platform driver
[    0.856162] ohci_hcd: USB 1.1 'Open' Host Controller (OHCI) Driver
[    0.857570] ohci-pci: OHCI PCI platform driver
[    0.858563] ohci-platform: OHCI generic platform driver
[    0.859669] uhci_hcd: USB Universal Host Controller Interface driver
[    0.861047] i8042: PNP: PS/2 Controller [PNP0303:PS2K,PNP0f03:PS2M] at 0x60,0x64 irq 1,12
[    0.863335] serio: i8042 KBD port at 0x60,0x64 irq 1
[    0.864524] serio: i8042 AUX port at 0x60,0x64 irq 12
[    0.865994] mousedev: PS/2 mouse device common for all mice
[    0.868070] input: AT Translated Set 2 keyboard as /devices/platform/i8042/serio0/input/input2
[    0.870274] rtc_cmos rtc_cmos: rtc core: registered rtc_cmos as rtc0
[    0.871647] rtc_cmos rtc_cmos: alarms up to one day, 114 bytes nvram
[    0.873062] i2c /dev entries driver
[    0.873959] device-mapper: uevent: version 1.0.3
[    0.875250] device-mapper: ioctl: 4.37.0-ioctl (2017-09-20) initialised: dm-devel@redhat.com
[    0.877281] ledtrig-cpu: registered to indicate activity on CPUs
[    0.878939] NET: Registered protocol family 10
[    0.883258] Segment Routing with IPv6
[    0.884222] NET: Registered protocol family 17
[    0.885697] Key type dns_resolver registered
[    0.887111] mce: Using 0 MCE banks
[    0.888118] RAS: Correctable Errors collector initialized.
[    0.889604] sched_clock: Marking stable (889574245, 0)->(1103579172, -214004927)
[    0.892312] registered taskstats version 1
[    0.893366] Loading compiled-in X.509 certificates
[    0.897441] Loaded X.509 cert 'Build time autogenerated kernel key: 01a66adcc10ca4ce7676a3458c33483b0e2b806e'
[    0.899637] zswap: loaded using pool lzo/zbud
[    0.904636] Key type big_key registered
[    0.905540] Key type trusted registered
[    0.908379] Key type encrypted registered
[    0.909366] AppArmor: AppArmor sha1 policy hashing enabled
[    0.910577] ima: No TPM chip found, activating TPM-bypass! (rc=-19)
[    0.911967] ima: Allocated hash algorithm: sha1
[    0.913127] evm: HMAC attrs: 0x1
[    0.914202]   Magic number: 11:747:603
[    0.915264] rtc_cmos rtc_cmos: setting system clock to 2019-11-18 22:34:23 UTC (1574116463)
[    0.917358] BIOS EDD facility v0.16 2004-Jun-25, 0 devices found
[    0.918839] EDD information not available.
[    1.017269] Freeing unused kernel image memory: 2436K
[    1.043760] Write protecting the kernel read-only data: 20480k
[    1.051576] Freeing unused kernel image memory: 2008K
[    1.057419] Freeing unused kernel image memory: 1884K
[    1.083237] x86/mm: Checked W+X mappings: passed, no W+X pages found.
[    1.085959] x86/mm: Checking user space page tables
[    1.103005] x86/mm: Checked W+X mappings: passed, no W+X pages found.
Loading, please wait...
starting version 237
[    1.206474] e1000: Intel(R) PRO/1000 Network Driver - version 7.3.21-k8-NAPI
[    1.208291] e1000: Copyright (c) 1999-2006 Intel Corporation.
[    1.210036] Fusion MPT base driver 3.04.20
[    1.211268] Copyright (c) 1999-2008 LSI Corporation
[    1.222757] AVX2 version of gcm_enc/dec engaged.
[    1.224032] AES CTR mode by8 optimization enabled
[    1.227202] Fusion MPT SPI Host driver 3.04.20
[    1.420530] input: ImExPS/2 Generic Explorer Mouse as /devices/platform/i8042/serio1/input/input4
[    1.650829] e1000 0000:00:03.0 eth0: (PCI:33MHz:32-bit) 02:7c:06:17:a1:8b
[    1.656251] e1000 0000:00:03.0 eth0: Intel(R) PRO/1000 Network Connection
[    1.665240] mptbase: ioc0: Initiating bringup
[    1.969817] ioc0: LSI53C1030 A0: Capabilities={Initiator}
[    3.701018] scsi host2: ioc0: LSI53C1030 A0, FwRev=00000000h, Ports=1, MaxQ=256, IRQ=20
[    4.206708] scsi 2:0:0:0: Direct-Access     VBOX     HARDDISK         1.0  PQ: 0 ANSI: 5
[    4.252308] scsi target2:0:0: Beginning Domain Validation
[    4.264672] scsi target2:0:0: Domain Validation skipping write tests
[    4.270804] scsi target2:0:0: Ending Domain Validation
[    4.275971] scsi target2:0:0: asynchronous
[    4.280735] scsi 2:0:1:0: Direct-Access     VBOX     HARDDISK         1.0  PQ: 0 ANSI: 5
[    4.608431] scsi target2:0:1: Beginning Domain Validation
[    4.612777] random: fast init done
[    4.615245] scsi target2:0:1: Domain Validation skipping write tests
[    4.616784] scsi target2:0:1: Ending Domain Validation
[    4.618278] scsi target2:0:1: asynchronous
[    4.627596] random: systemd-udevd: uninitialized urandom read (16 bytes read)
[    4.627746] sd 2:0:0:0: Attached scsi generic sg0 type 0
[    4.629558] random: systemd-udevd: uninitialized urandom read (16 bytes read)
[    4.631069] sd 2:0:1:0: Attached scsi generic sg1 type 0
[    4.632652] random: systemd-udevd: uninitialized urandom read (16 bytes read)
[    4.635742] sd 2:0:0:0: [sda] 20971520 512-byte logical blocks: (10.7 GB/10.0 GiB)
[    4.637798] sd 2:0:1:0: [sdb] 20480 512-byte logical blocks: (10.5 MB/10.0 MiB)
[    4.639812] sd 2:0:1:0: [sdb] Write Protect is off
[    4.641104] sd 2:0:0:0: [sda] Write Protect is off
[    4.642759] sd 2:0:1:0: [sdb] Incomplete mode parameter data
[    4.644197] sd 2:0:1:0: [sdb] Assuming drive cache: write through
[    4.645906] sd 2:0:0:0: [sda] Incomplete mode parameter data
[    4.647330] sd 2:0:0:0: [sda] Assuming drive cache: write through
[    4.652469]  sda: sda1
[    4.652830] e1000 0000:00:08.0 eth1: (PCI:33MHz:32-bit) 08:00:27:39:de:8f
[    4.656141] e1000 0000:00:08.0 eth1: Intel(R) PRO/1000 Network Connection
[    4.658798] sd 2:0:0:0: [sda] Attached SCSI disk
[    4.659226] e1000 0000:00:08.0 enp0s8: renamed from eth1
[    4.662250] sd 2:0:1:0: [sdb] Attached SCSI disk
[    4.689838] e1000 0000:00:03.0 enp0s3: renamed from eth0
Begin: Loading essential drivers ... [    6.380654] raid6: sse2x1   gen() 10868 MB/s
[    6.428441] raid6: sse2x1   xor()  7665 MB/s
[    6.476286] raid6: sse2x2   gen() 12648 MB/s
[    6.524112] raid6: sse2x2   xor()  8918 MB/s
[    6.572910] raid6: sse2x4   gen() 14198 MB/s
[    6.620756] raid6: sse2x4   xor()  9652 MB/s
[    6.668537] raid6: avx2x1   gen() 21427 MB/s
[    6.716362] raid6: avx2x1   xor() 14529 MB/s
[    6.764172] raid6: avx2x2   gen() 24849 MB/s
[    6.812060] raid6: avx2x2   xor() 16569 MB/s
[    6.860805] raid6: avx2x4   gen() 29908 MB/s
[    6.908629] raid6: avx2x4   xor() 17343 MB/s
[    6.909713] raid6: using algorithm avx2x4 gen() 29908 MB/s
[    6.911021] raid6: .... xor() 17343 MB/s, rmw enabled
[    6.912317] raid6: using avx2x2 recovery algorithm
[    6.915193] xor: automatically using best checksumming function   avx       
[    6.918114] async_tx: api initialized (async)
done.
Begin: Running /scripts/init-premount ... done.
Begin: Mounting root file system ... Begin: Running /scripts/local-top ... done.
Begin: Running /scripts/local-premount ... [    6.966981] Btrfs loaded, crc32c=crc32c-intel
Scanning for Btrfs filesystems
done.
Warning: fsck not present, so skipping root file system
[    7.001596] EXT4-fs (sda1): mounted filesystem with ordered data mode. Opts: (null)
done.
Begin: Running /scripts/local-bottom ... done.
Begin: Running /scripts/init-bottom ... done.
[    7.209271] ip_tables: (C) 2000-2006 Netfilter Core Team
[    7.223989] systemd[1]: systemd 237 running in system mode. (+PAM +AUDIT +SELINUX +IMA +APPARMOR +SMACK +SYSVINIT +UTMP +LIBCRYPTSETUP +GCRYPT +GNUTLS +ACL +XZ +LZ4 +SECCOMP +BLKID +ELFUTILS +KMOD -IDN2 +IDN -PCRE2 default-hierarchy=hybrid)
[    7.228628] systemd[1]: Detected virtualization oracle.
[    7.229933] systemd[1]: Detected architecture x86-64.

Welcome to [1mUbuntu 18.04.3 LTS[0m!

[    7.237377] systemd[1]: Set hostname to <ubuntu>.
[    7.242837] systemd[1]: Initializing machine ID from random generator.
[    7.244447] systemd[1]: Installed transient /etc/machine-id file.
[    7.523864] systemd[1]: Set up automount Arbitrary Executable File Formats File System Automount Point.
[[0;32m  OK  [0m] Set up automount Arbitrary Executab…rmats File System Automount Point.
[    7.527302] systemd[1]: Reached target Swap.
[[0;32m  OK  [0m] Reached target Swap.
[    7.530742] systemd[1]: Created slice User and Session Slice.
[[0;32m  OK  [0m] Created slice User and Session Slice.
[    7.532929] systemd[1]: Reached target System Time Synchronized.
[[0;32m  OK  [0m] Reached target System Time Synchronized.
[[0;32m  OK  [0m] Reached target User and Group Name Lookups.
[[0;32m  OK  [0m] Created slice System Slice.
[[0;32m  OK  [0m] Listening on Network Service Netlink Socket.
[[0;32m  OK  [0m] Listening on udev Control Socket.
[[0;32m  OK  [0m] Listening on Journal Socket.
[[0;32m  OK  [0m] Listening on LVM2 metadata daemon socket.
         Starting Uncomplicated firewall...
         Starting Remount Root and Kernel File Systems...
[    7.566239] EXT4-fs (sda1): re-mounted. Opts: (null)
         Mounting POSIX Message Queue File System...
[[0;32m  OK  [0m] Listening on /dev/initctl Compatibility Named Pipe.
         Mounting Kernel Debug File System...
         Starting Create list of required st…ce nodes for the current kernel...
[[0;32m  OK  [0m] Listening on Syslog Socket.
         Starting Set the console keyboard layout...
         Starting Load Kernel Modules...
[[0;32m  OK  [0m] Listening on Journal Audit Socket.
[[0;32m  OK  [0m] Listening on Journal Socket (/dev/log).
         Starting Journal Service...
         Mounting Huge Pages File System...
[[0;32m  OK  [0m] Listening on Device-mapper event daemon FIFOs.
[[0;32m  OK  [0m] Listening on udev Kernel Socket.
[[0;32m  OK  [0m] Created slice system-serial\x2dgetty.slice.
[    7.675611] Loading iSCSI transport class v2.0-870.
[[0;32m  OK  [0m] Reached target Slices.
         Starting Monitoring of LVM2 mirrors…ng dmeventd or progress polling...
[[0;32m  OK  [0m] Listening on LVM2 poll daemon socket.
[    7.731374] iscsi: registered transport (tcp)
[    7.750756] iscsi: registered transport (iser)
         Starting udev Coldplug all Devices...
[[0;32m  OK  [0m] Started Forward Password Requests to Wall Directory Watch.
[[0;32m  OK  [0m] Started Uncomplicated firewall.
[[0;32m  OK  [0m] Started Remount Root and Kernel File Systems.
[[0;32m  OK  [0m] Mounted POSIX Message Queue File System.
[[0;32m  OK  [0m] Mounted Kernel Debug File System.
[[0;32m  OK  [0m] Started Create list of required sta…vice nodes for the current kernel.
[[0;32m  OK  [0m] Started Load Kernel Modules.
[[0;32m  OK  [0m] Started Journal Service.
[[0;32m  OK  [0m] Mounted Huge Pages File System.
[[0;32m  OK  [0m] Started LVM2 metadata daemon.
         Mounting Kernel Configuration File System...
         Starting Apply Kernel Variables...
         Mounting FUSE Control File System...
         Starting Create Static Device Nodes in /dev...
         Starting Load/Save Random Seed...
         Starting Flush Journal to Persistent Storage...
[[0;32m  OK  [0m] Started Monitoring of LVM2 mirrors,…sing dmeventd or progress polling.
[[0;32m  OK  [0m] Started udev Coldplug all Devices.
[[0;32m  OK  [0m] Mounted Kernel Configuration File System.
[[0;32m  OK  [0m] Mounted FUSE Control File System.
[[0;32m  OK  [0m] Started Load/Save Random Seed.
[[0;32m  OK  [0m] Started Apply Kernel Variables.
[[0;32m  OK  [0m] Started Create Static Device Nodes in /dev.
         Starting udev Kernel Device Manager...
[[0;32m  OK  [0m] Started Flush Journal to Persistent Storage.
[[0;32m  OK  [0m] Started udev Kernel Device Manager.
[[0;32m  OK  [0m] Found device /dev/ttyS0.
[[0;32m  OK  [0m] Listening on Load/Save RF Kill Switch Status /dev/rfkill Watch.
[[0;32m  OK  [0m] Started Set the console keyboard layout.
[[0;32m  OK  [0m] Started Dispatch Password Requests to Console Directory Watch.
[[0;32m  OK  [0m] Reached target Local Encrypted Volumes.
[[0;32m  OK  [0m] Reached target Local File Systems (Pre).
[[0;32m  OK  [0m] Reached target Local File Systems.
         Starting ebtables ruleset management...
         Starting Commit a transient machine-id on disk...
         Starting Set console font and keymap...
         Starting AppArmor initialization...
         Starting Tell Plymouth To Write Out Runtime Data...
         Starting Create Volatile Files and Directories...
[[0;32m  OK  [0m] Started Set console font and keymap.
[[0;32m  OK  [0m] Started Tell Plymouth To Write Out Runtime Data.
[[0;32m  OK  [0m] Started Create Volatile Files and Directories.
         Starting Update UTMP about System Boot/Shutdown...
[[0;32m  OK  [0m] Started Update UTMP about System Boot/Shutdown.
[[0;32m  OK  [0m] Started Commit a transient machine-id on disk.
[[0;32m  OK  [0m] Started ebtables ruleset management.
[[0;32m  OK  [0m] Started AppArmor initialization.
         Starting Initial cloud-init job (pre-networking)...
[   12.047634] cloud-init[644]: Cloud-init v. 19.2-36-g059d049c-0ubuntu2~18.04.1 running 'init-local' at Mon, 18 Nov 2019 22:34:34 +0000. Up 11.52 seconds.
[[0;32m  OK  [0m] Started Initial cloud-init job (pre-networking).
[[0;32m  OK  [0m] Reached target Network (Pre).
         Starting Network Service...
[[0;32m  OK  [0m] Started Network Service.
         Starting Wait for Network to be Configured...
         Starting Network Name Resolution...
[[0;32m  OK  [0m] Started Network Name Resolution.
[[0;32m  OK  [0m] Reached target Host and Network Name Lookups.
[[0;32m  OK  [0m] Reached target Network.
[[0;32m  OK  [0m] Started Wait for Network to be Configured.
         Starting Initial cloud-init job (metadata service crawler)...
[   14.590059] cloud-init[762]: Cloud-init v. 19.2-36-g059d049c-0ubuntu2~18.04.1 running 'init' at Mon, 18 Nov 2019 22:34:36 +0000. Up 14.36 seconds.
[   14.591970] cloud-init[762]: ci-info: ++++++++++++++++++++++++++++++++++++++Net device info++++++++++++++++++++++++++++++++++++++
[   14.593560] cloud-init[762]: ci-info: +--------+-------+---------------------------+---------------+--------+-------------------+
[   14.594780] cloud-init[762]: ci-info: | Device |   Up  |          Address          |      Mask     | Scope  |     Hw-Address    |
[   14.596173] cloud-init[762]: ci-info: +--------+-------+---------------------------+---------------+--------+-------------------+
[   14.597628] cloud-init[762]: ci-info: | enp0s3 |  True |         10.0.2.15         | 255.255.255.0 | global | 02:7c:06:17:a1:8b |
[   14.599102] cloud-init[762]: ci-info: | enp0s3 |  True | fe80::7c:6ff:fe17:a18b/64 |       .       |  link  | 02:7c:06:17:a1:8b |
[   14.612407] cloud-init[762]: ci-info: | enp0s8 | False |             .             |       .       |   .    | 08:00:27:39:de:8f |
[   14.614183] cloud-init[762]: ci-info: |   lo   |  True |         127.0.0.1         |   255.0.0.0   |  host  |         .         |
[   14.615602] cloud-init[762]: ci-info: |   lo   |  True |          ::1/128          |       .       |  host  |         .         |
[   14.616952] cloud-init[762]: ci-info: +--------+-------+---------------------------+---------------+--------+-------------------+
[   14.618192] cloud-init[762]: ci-info: ++++++++++++++++++++++++++++Route IPv4 info+++++++++++++++++++++++++++++
[   14.628447] cloud-init[762]: ci-info: +-------+-------------+----------+-----------------+-----------+-------+
[   14.640617] cloud-init[762]: ci-info: | Route | Destination | Gateway  |     Genmask     | Interface | Flags |
[   14.641880] cloud-init[762]: ci-info: +-------+-------------+----------+-----------------+-----------+-------+
[   14.643503] cloud-init[762]: ci-info: |   0   |   0.0.0.0   | 10.0.2.2 |     0.0.0.0     |   enp0s3  |   UG  |
[   14.652734] cloud-init[762]: ci-info: |   1   |   10.0.2.0  | 0.0.0.0  |  255.255.255.0  |   enp0s3  |   U   |
[   14.665140] cloud-init[762]: ci-info: |   2   |   10.0.2.2  | 0.0.0.0  | 255.255.255.255 |   enp0s3  |   UH  |
[   14.666978] cloud-init[762]: ci-info: +-------+-------------+----------+-----------------+-----------+-------+
[   14.684718] cloud-init[762]: ci-info: +++++++++++++++++++Route IPv6 info+++++++++++++++++++
[   14.686134] cloud-init[762]: ci-info: +-------+-------------+---------+-----------+-------+
[   14.687012] cloud-init[762]: ci-info: | Route | Destination | Gateway | Interface | Flags |
[   14.687956] cloud-init[762]: ci-info: +-------+-------------+---------+-----------+-------+
[   14.689106] cloud-init[762]: ci-info: |   1   |  fe80::/64  |    ::   |   enp0s3  |   U   |
[   14.690418] cloud-init[762]: ci-info: |   3   |    local    |    ::   |   enp0s3  |   U   |
[   14.691472] cloud-init[762]: ci-info: |   4   |   ff00::/8  |    ::   |   enp0s3  |   U   |
[   14.692629] cloud-init[762]: ci-info: +-------+-------------+---------+-----------+-------+
[   15.411448] cloud-init[762]: Generating public/private rsa key pair.
[   15.412469] cloud-init[762]: Your identification has been saved in /etc/ssh/ssh_host_rsa_key.
[   15.413600] cloud-init[762]: Your public key has been saved in /etc/ssh/ssh_host_rsa_key.pub.
[   15.414541] cloud-init[762]: The key fingerprint is:
[   15.415228] cloud-init[762]: SHA256:yLuwoxOJJ0TNqZw9UPHiYTzFeD0MxWY9eAzZJaKQRVM root@ubuntu-bionic
[   15.416357] cloud-init[762]: The key's randomart image is:
[   15.417282] cloud-init[762]: +---[RSA 2048]----+
[   15.418248] cloud-init[762]: |  ++O*BEB...     |
[   15.428579] cloud-init[762]: | o.*+ooX.*.      |
[   15.429159] cloud-init[762]: |o =*.oo o .      |
[   15.429905] cloud-init[762]: | =oo+. .         |
[   15.440386] cloud-init[762]: |.. o. o S        |
[   15.443731] cloud-init[762]: |o +    .         |
[   15.456433] cloud-init[762]: | o .. .          |
[   15.457055] cloud-init[762]: |  . .o .         |
[   15.468404] cloud-init[762]: |  .o...          |
[[   15.480672] cloud-init[762]: +----[SHA256]-----+
[   15.480833] cloud-init[762]: Generating public/private dsa key pair.
[0;32m  OK  [0m[   15.481273] ] cloud-initStarted Initial cloud-init job (metadata service crawler).[762]: 
Your identification has been saved in /etc/ssh/ssh_host_dsa_key.
[   15.481523] cloud-init[762]: Your public key has been saved in /etc/ssh/ssh_host_dsa_key.pub.
[   15.493524] cloud-init[762]: The key fingerprint is:
[[   15.504354] [0;32m  OK  [0mcloud-init[762]: ] SHA256:C0kAaSxb6DdBEE80Rhc5pIeaWx/hVsa47xzK3/3mVPI root@ubuntu-bionicReached target Cloud-config availability.

[[   15.505986] cloud-init[762]: The key's randomart image is:
[0;32m  OK  [0m[   15.506105] ] cloud-initReached target System Initialization.[762]: 
+---[DSA 1024]----+
[[0;32m  OK  [0m] Listening on UUID daemon activation socket.
[   15.507434] cloud-init[762]: | =BXo+o          |
[[   15.508843] cloud-init[762]: |o O.=+o          |
[   15.508991] cloud-init[762]: |.= +.+o+         |
[   15.509515] cloud-init[762]: |..ooo.=.         |
[   15.510084] cloud-init[762]: | o...=o S    . . |
[   15.510587] cloud-init[762]: |  o o o. .    +  |
[0;32m  OK  [0m] Listening on D-Bus System Message Bus Socket.
[   15.510944] cloud-init[762]: | .   . o.    . E |
[   15.511257] cloud-init[762]: |    . + o . ..   |
[[   15.524637] [0;32m  OK  [0mcloud-init] [762]: Listening on Open-iSCSI iscsid Socket.|     o.+ . .+o   |

[   15.524736] cloud-init[762]: +----[SHA256]-----+
         [   15.537037] Starting Socket activation for snappy daemon.cloud-init
[762]: Generating public/private ecdsa key pair.
[[   15.548936] [0;32m  OK  [0mcloud-init] [762]: Started Daily Cleanup of Temporary Directories.Your identification has been saved in /etc/ssh/ssh_host_ecdsa_key.

[   15.549030] cloud-init[762]: Your public key has been saved in /etc/ssh/ssh_host_ecdsa_key.pub.
[[0;32m  OK  [0m] Started Message of the Day.
[   15.551250] cloud-init[762]: The key fingerprint is:
[[0;32m  OK  [0m[   15.560816] cloud-init[762]: SHA256:cMT8a9SktbU8ZCaC7/rPEzV3tsvmHlPjZfiQJten7es root@ubuntu-bionic
] Started ACPI Events Check.
[   15.561153] cloud-init[762]: The key's randomart image is:
[   15.561225] cloud-init[762]: +---[ECDSA 256]---+
[[0;32m  OK  [0m[   15.572489] cloud-init[762]: |       o..       |
[   15.572819] cloud-init[762]: |       .+ . + =  |
] Reached target Paths.
[   15.573755] cloud-init[762]: |      . .o * O . |
[   15.574647] cloud-init[762]: |       o  = o *++|
[[0;32m  OK  [0m[   15.584257] cloud-init[762]: |        So ...**O|
[   15.584618] cloud-init[762]: |          + .+.B=|
[   15.585274] cloud-init[762]: |         o   .o++|
[   15.585818] cloud-init[762]: |        .  ..  =o|
[   15.585914] cloud-init[762]: |         ...o.=Eo|
] Started Discard unused blocks once a week.
[   15.586134] cloud-init[762]: +----[SHA256]-----+
[[   15.600622] cloud-init[762]: Generating public/private ed25519 key pair.
[0;32m  OK  [0m] Started Daily apt download activities.
[   15.600724] cloud-init[762]: Your identification has been saved in /etc/ssh/ssh_host_ed25519_key.
[   15.603151] cloud-init[762]: Your public key has been saved in /etc/ssh/ssh_host_ed25519_key.pub.
[   15.603234] cloud-init[762]: The key fingerprint is:
[[0;32m  OK  [0m] Started Daily apt upgrade and clean activities.
[   15.603662] cloud-init[762]: SHA256:wLgwiwPr/HqxaLyYnZfQf3uUkhasDYJuB4WTV2gQzpo root@ubuntu-bionic
[   15.606842] cloud-init[762]: The key's randomart image is:
[   15.607657] cloud-init[762]: +--[ED25519 256]--+
[   15.608393] cloud-init[762]: |  o= o.          |
         [   15.620303] cloud-init[762]: | o+ =o           |
[   15.620534] cloud-init[762]: |. =*. o.         |
[   15.621133] cloud-init[762]: |.=o+....o        |
[   15.621534] cloud-init[762]: |E..o.. +So .     |
Starting LXD - unix socket.
[   15.621586] cloud-init[762]: |o.+.o . = o      |
[[   15.633050] cloud-init[762]: |.+.ooo . o       |
[0;32m  OK  [0m] Listening on ACPID Listen Socket.
[   15.633155] cloud-init[762]: |.*.+o . . .      |
[   15.633340] cloud-init[762]: |+o*o   ..o       |
[   15.633464] cloud-init[762]: +----[SHA256]-----+
[[0;32m  OK  [0m] Reached target Timers.
[[0;32m  OK  [0m] Reached target Network is Online.
         Starting Availability of block devices...
[[0;32m  OK  [0m] Reached target Remote File Systems (Pre).
[[0;32m  OK  [0m] Reached target Remote File Systems.
[[0;32m  OK  [0m] Listening on Socket activation for snappy daemon.
[[0;32m  OK  [0m] Listening on LXD - unix socket.
[[0;32m  OK  [0m] Started Availability of block devices.
[[0;32m  OK  [0m] Reached target Sockets.
[[0;32m  OK  [0m] Reached target Basic System.
         Starting Accounts Service...
[[0;32m  OK  [0m] Started Deferred execution scheduler.
         Starting Virtualbox guest utils...
[[0;32m  OK  [0m] Started Regular background program processing daemon.
         Starting Login Service...
         Starting LXD - container startup/shutdown...
         Starting System Logging Service...
         Starting Dispatcher daemon for systemd-networkd...
         Starting LSB: automatic crash report generation...
[[0;32m  OK  [0m] Started irqbalance daemon.
         Starting LSB: Record successful boot for GRUB...
         Starting Pollinate to seed the pseudo random number generator...
         Starting Permit User Sessions...
[[0;32m  OK  [0m] Started FUSE filesystem for LXC.
[[0;32m  OK  [0m] Started D-Bus System Message Bus.
[[0;32m  OK  [0m] Started Login Service.
[[0;32m  OK  [0m] Started Unattended Upgrades Shutdown.
         Starting Snappy daemon...
[[0;32m  OK  [0m] Started System Logging Service.
[[0;32m  OK  [0m] Started LXD - container startup/shutdown.
[[0;32m  OK  [0m] Started Permit User Sessions.
         Starting Authorization Manager...
         Starting Terminate Plymouth Boot Screen...
         Starting Hold until boot process finishes up...
[[0;32m  OK  [0m] Started Hold until boot process finishes up.
[[0;32m  OK  [0m] Started LSB: automatic crash report generation.
[[0;32m  OK  [0m] Started Serial Getty on ttyS0.
         Starting Set console scheme...
[[0;32m  OK  [0m] Started Terminate Plymouth Boot Screen.
[[0;32m  OK  [0m] Started Set console scheme.
[[0;32m  OK  [0m] Created slice system-getty.slice.
[[0;32m  OK  [0m] Started Getty on tty1.
[[0;32m  OK  [0m] Reached target Login Prompts.
[[0;32m  OK  [0m] Started LSB: Record successful boot for GRUB.
[[0;32m  OK  [0m] Started Authorization Manager.
[[0;32m  OK  [0m] Started Accounts Service.
[[0;32m  OK  [0m] Started Virtualbox guest utils.
[[0;32m  OK  [0m] Started Dispatcher daemon for systemd-networkd.
[[0;32m  OK  [0m] Started Snappy daemon.
         Starting Wait until snapd is fully seeded...
[[0;32m  OK  [0m] Started Pollinate to seed the pseudo random number generator.
         Starting OpenBSD Secure Shell server...
[[0;32m  OK  [0m] Started OpenBSD Secure Shell server.
[[0;32m  OK  [0m] Started Wait until snapd is fully seeded.
         Starting Apply the settings specified in cloud-config...
[[0;32m  OK  [0m] Reached target Multi-User System.
[[0;32m  OK  [0m] Reached target Graphical Interface.
         Starting Update UTMP about System Runlevel Changes...
[[0;32m  OK  [0m] Started Update UTMP about System Runlevel Changes.
[[0;32m  OK  [0m] Created slice User Slice of vagrant.
         Starting User Manager for UID 1000...
[[0;32m  OK  [0m] Started Session 1 of user vagrant.
[[0;32m  OK  [0m] Started User Manager for UID 1000.
[   19.396218] cloud-init[1282]: Cloud-init v. 19.2-36-g059d049c-0ubuntu2~18.04.1 running 'modules:config' at Mon, 18 Nov 2019 22:34:41 +0000. Up 18.82 seconds.
[[0;32m  OK  [0m] Started Apply the settings specified in cloud-config.
         Starting Execute cloud user/final scripts...
ci-info: no authorized ssh keys fingerprints found for user ubuntu.
<14>Nov 18 22:34:43 ec2: 
<14>Nov 18 22:34:43 ec2: #############################################################
<14>Nov 18 22:34:43 ec2: -----BEGIN SSH HOST KEY FINGERPRINTS-----
<14>Nov 18 22:34:43 ec2: 1024 SHA256:C0kAaSxb6DdBEE80Rhc5pIeaWx/hVsa47xzK3/3mVPI root@ubuntu-bionic (DSA)
<14>Nov 18 22:34:43 ec2: 256 SHA256:cMT8a9SktbU8ZCaC7/rPEzV3tsvmHlPjZfiQJten7es root@ubuntu-bionic (ECDSA)
<14>Nov 18 22:34:43 ec2: 256 SHA256:wLgwiwPr/HqxaLyYnZfQf3uUkhasDYJuB4WTV2gQzpo root@ubuntu-bionic (ED25519)
<14>Nov 18 22:34:43 ec2: 2048 SHA256:yLuwoxOJJ0TNqZw9UPHiYTzFeD0MxWY9eAzZJaKQRVM root@ubuntu-bionic (RSA)
<14>Nov 18 22:34:43 ec2: -----END SSH HOST KEY FINGERPRINTS-----
<14>Nov 18 22:34:43 ec2: #############################################################
-----BEGIN SSH HOST KEY KEYS-----
ecdsa-sha2-nistp256 AAAAE2VjZHNhLXNoYTItbmlzdHAyNTYAAAAIbmlzdHAyNTYAAABBBJFe/2z97xgjlml5gu1zw+hrJngrmIIeSZTHKE04wbiEKIIn+hA4DCUSaJ5RhpEt6Hh4n4GZlhrQnXGmjSGR3To= root@ubuntu-bionic
ssh-ed25519 AAAAC3NzaC1lZDI1NTE5AAAAIK+cQHdM83Chvv0Xy3hks3plFxG1EADh82xOGaSesO8C root@ubuntu-bionic
ssh-rsa AAAAB3NzaC1yc2EAAAADAQABAAABAQD7hDL1kpikEM0TlxfMMbuM9FdLisjKVvEESwna24ICMkU+xxqp/1ROdG2Qo12Atgna7ARvNrP5V0B9ZUnZ8G+6HnklFuDObeG1vV7lQBm7d8gizgn+qd7Zr1E2Cz7Dhnx9dVfxjEUYOFIBANA41e2IIRYNpX2b4hox7bfp7Zfje91FC5qmzkOYHPY5EX3v5ajHjDPNHhg/y3aDLHhSFCbv2Q3Lf0WQJAnQzIqxXKUeG9bFJ+TXRz47ksGl+u7nDnoU/FsR0c4JNDf7EA0iYTdmL4tMCiU8oT/KbUp8vNr/crpYx2JBzB2yN0NTj7DI/Abpsc7Oen4ImFTS6vZY10HJ root@ubuntu-bionic
-----END SSH HOST KEY KEYS-----
[   20.494236] cloud-init[1396]: Cloud-init v. 19.2-36-g059d049c-0ubuntu2~18.04.1 running 'modules:final' at Mon, 18 Nov 2019 22:34:42 +0000. Up 20.17 seconds.
[   20.496304] cloud-init[1396]: ci-info: no authorized ssh keys fingerprints found for user ubuntu.
[   20.497952] cloud-init[1396]: Cloud-init v. 19.2-36-g059d049c-0ubuntu2~18.04.1 finished at Mon, 18 Nov 2019 22:34:43 +0000. Datasource DataSourceNoCloud [seed=/dev/sdb][dsmode=net].  Up 20.48 seconds
[[0;32m  OK  [0m] Started Execute cloud user/final scripts.
[[0;32m  OK  [0m] Reached target Cloud-init target.

Ubuntu 18.04[[0;32m  OK  [0m] Stopped target Cloud-init target.
         Stopping Session 8 of user vagrant.
         Stopping User Manag[[0;32m  OK  [0m] Stopped target Cloud-init target.
[[0;32m  OK  [0m] Stopped Execute cloud user/final scripts.
         Stopping User Manager for UID 1000...
         Stopping Session 8 of user vagrant.
         Stopping Availability of block devices...
[[0;32m  OK  [0m] Stopped Apply the settings specified in cloud-config.
[[0;32m  OK  [0m] Stopped target Network is Online.
[[0;32m  OK  [0m] Stopped target Cloud-config availability.
[[0;32m  OK  [0m] Stopped target Graphical Interface.
[[0;32m  OK  [0m] Stopped target Multi-User System.
         Stopping Dispatcher daemon for systemd-networkd...
         Stopping Regular background program processing daemon...
         Stopping Deferred execution scheduler...
         Stopping Unattended Upgrades Shutdown...
[[0;32m  OK  [0m] Stopped Wait until snapd is fully seeded.
         Stopping Virtualbox guest utils...
         Stopping System Logging Service...
         Stopping irqbalance daemon...
         Stopping A high performance web server and a reverse proxy server...
         Stopping LSB: Record successful boot for GRUB...
         Stopping OpenBSD Secure Shell server...
         Stopping LSB: automatic crash report generation...
[[0;32m  OK  [0m] Stopped target Host and Network Name Lookups.
         Stopping Accounts Service...
[[0;32m  OK  [0m] Stopped target Timers.
[[0;32m  OK  [0m] Stopped Daily Cleanup of Temporary Directories.
[[0;32m  OK  [0m] Stopped Message of the Day.
[[0;32m  OK  [0m] Stopped Discard unused blocks once a week.
[[0;32m  OK  [0m] Stopped target Login Prompts.
         Stopping Serial Getty on ttyS0...
         Stopping Getty on tty1...
[[0;32m  OK  [0m] Closed Load/Save RF Kill Switch Status /dev/rfkill Watch.         Stopping FUSE filesystem for LXC...
         Stopping Authorization Manager...
[[0;32m  OK  [0m] Stopped Daily apt upgrade and clean activities.
[[0;32m  OK  [0m] Stopped Daily apt download activities.
[[0;32m  OK  [0m] Stopped target System Time Synchronized.
         Stopping LXD - container startup/shutdown...
[[0;32m  OK  [0m] Unmounted /var/lib/lxcfs.
[[0;32m  OK  [0m] Stopped irqbalance daemon.
[[0;32m  OK  [0m] Stopped Deferred execution scheduler.
[[0;32m  OK  [0m] Stopped Regular background program processing daemon.
[[0;32m  OK  [0m] Stopped Dispatcher daemon for systemd-networkd.
[[0;32m  OK  [0m] Stopped System Logging Service.
[[0;32m  OK  [0m] Stopped Accounts Service.
[[0;32m  OK  [0m] Stopped Authorization Manager.
[[0;32m  OK  [0m] Stopped Unattended Upgrades Shutdown.
[[0;32m  OK  [0m] Stopped Serial Getty on ttyS0.
[[0;32m  OK  [0m] Stopped Getty on tty1.
[[0;32m  OK  [0m] Stopped OpenBSD Secure Shell server.
[[0;32m  OK  [0m] Stopped User Manager for UID 1000.
[[0;32m  OK  [0m] Stopped Availability of block devices.
[[0;32m  OK  [0m] Stopped D-Bus System Message Bus.
[[0;32m  OK  [0m] Stopped FUSE filesystem for LXC.
[[0;32m  OK  [0m] Stopped A high performance web server and a reverse proxy server.
[[0;32m  OK  [0m] Stopped Session 8 of user vagrant.
[[0;32m  OK  [0m] Stopped LXD - container startup/shutdown.
[[0;32m  OK  [0m] Removed slice User Slice of vagrant.
[[0;32m  OK  [0m] Removed slice system-getty.slice.
[[0;32m  OK  [0m] Removed slice system-serial\x2dgetty.slice.
         Stopping Permit User Sessions...
         Stopping Login Service...
[[0;32m  OK  [0m] Stopped LSB: Record successful boot for GRUB.
[[0;32m  OK  [0m] Stopped LSB: automatic crash report generation.
[[0;32m  OK  [0m] Stopped Permit User Sessions.
[[0;32m  OK  [0m] Stopped target Network.
         Stopping Network Name Resolution...
[[0;32m  OK  [0m] Stopped target Remote File Systems.
[[0;32m  OK  [0m] Stopped target Remote File Systems (Pre).
[[0;32m  OK  [0m] Stopped Network Name Resolution.
         Stopping Network Service...
[[0;32m  OK  [0m] Stopped Login Service.
[[0;32m  OK  [0m] Stopped target User and Group Name Lookups.
[[0;32m  OK  [0m] Stopped Virtualbox guest utils.
[[0;32m  OK  [0m] Stopped target Basic System.
[[0;32m  OK  [0m] Stopped target Sockets.
[[0;32m  OK  [0m] Closed Syslog Socket.
[[0;32m  OK  [0m] Closed Open-iSCSI iscsid Socket.
[[0;32m  OK  [0m] Closed UUID daemon activation socket.
[[0;32m  OK  [0m] Closed ACPID Listen Socket.
[[0;32m  OK  [0m] Closed D-Bus System Message Bus Socket.
[[0;32m  OK  [0m] Closed LXD - unix socket.
[[0;32m  OK  [0m] Closed Socket activation for snappy daemon.
[[0;32m  OK  [0m] Stopped target Slices.
[[0;32m  OK  [0m] Removed slice User and Session Slice.
[[0;32m  OK  [0m] Stopped target Paths.
[[0;32m  OK  [0m] Stopped ACPI Events Check.
[[0;32m  OK  [0m] Stopped target System Initialization.
[[0;32m  OK  [0m] Stopped target Local Encrypted Volumes.
         Stopping Load/Save Random Seed...
[[0;32m  OK  [0m] Stopped Initial cloud-init job (metadata service crawler).
[[0;32m  OK  [0m] Stopped Commit a transient machine-id on disk.
         Stopping Update UTMP about System Boot/Shutdown...
[[0;32m  OK  [0m] Stopped Forward Password Requests to Wall Directory Watch.
[[0;32m  OK  [0m] Stopped Dispatch Password Requests to Console Directory Watch.
[[0;32m  OK  [0m] Stopped Network Service.
[[0;32m  OK  [0m] Stopped Load/Save Random Seed.
[[0;32m  OK  [0m] Stopped target Network (Pre).
[[0;32m  OK  [0m] Stopped Initial cloud-init job (pre-networking).
[[0;32m  OK  [0m] Stopped Apply Kernel Variables.
[[0;32m  OK  [0m] Stopped Load Kernel Modules.
[[0;32m  OK  [0m] Stopped Update UTMP about System Boot/Shutdown.
[[0;32m  OK  [0m] Stopped Create Volatile Files and Directories.
[[0;32m  OK  [0m] Stopped target Local File Systems.
         Unmounting /run/user/1000...
         Unmounting /vagrant...
[[0;32m  OK  [0m] Unmounted /vagrant.
[[0;32m  OK  [0m] Unmounted /run/user/1000.
[[0;32m  OK  [0m] Reached target Unmount All Filesystems.
[[0;32m  OK  [0m] Stopped target Swap.
[[0;32m  OK  [0m] Stopped target Local File Systems (Pre).
[[0;32m  OK  [0m] Stopped Remount Root and Kernel File Systems.
[[0;32m  OK  [0m] Stopped Create Static Device Nodes in /dev.
[[0;32m  OK  [0m] Reached target Shutdown.
[[0;32m  OK  [0m] Reached target Final Step.
         Starting Power-Off...
         Stopping Monitoring of LVM2 mirrors…ng dmeventd or progress polling...
[  669.677670] reboot: Power down
2 metadata daemon...
[[0;32m  OK  [0m] Stopped LVM2 metadata daemon.
[  485.947378] reboot: Power down
